# JRE version: OpenJDK Runtime Environment (8.0_152-b01) (build 1.8.0_152-release-1248-b01)
# Java VM: OpenJDK 64-Bit Server VM (25.152-b01 mixed mode windows-amd64 compressed oops)
Heap:
 PSYoungGen      total 51712K, used 46089K [0x00000000e0000000, 0x00000000e3600000, 0x0000000100000000)
  eden space 48128K, 88% used [0x00000000e0000000,0x00000000e29a6db0,0x00000000e2f00000)
  from space 3584K, 95% used [0x00000000e3280000,0x00000000e35dba48,0x00000000e3600000)
  to   space 3584K, 0% used [0x00000000e2f00000,0x00000000e2f00000,0x00000000e3280000)
 ParOldGen       total 62976K, used 303K [0x00000000a0000000, 0x00000000a3d80000, 0x00000000e0000000)
  object space 62976K, 0% used [0x00000000a0000000,0x00000000a004bd40,0x00000000a3d80000)
 Metaspace       used 14518K, capacity 14884K, committed 15104K, reserved 1062912K
  class space    used 2040K, capacity 2184K, committed 2304K, reserved 1048576K
GC Heap History (4 events):
Event: 1.627 GC heap before
{Heap before GC invocations=1 (full 0):
 PSYoungGen      total 27648K, used 24064K [0x00000000e0000000, 0x00000000e1e80000, 0x0000000100000000)
  eden space 24064K, 100% used [0x00000000e0000000,0x00000000e1780000,0x00000000e1780000)
  from space 3584K, 0% used [0x00000000e1b00000,0x00000000e1b00000,0x00000000e1e80000)
  to   space 3584K, 0% used [0x00000000e1780000,0x00000000e1780000,0x00000000e1b00000)
 ParOldGen       total 62976K, used 0K [0x00000000a0000000, 0x00000000a3d80000, 0x00000000e0000000)
  object space 62976K, 0% used [0x00000000a0000000,0x00000000a0000000,0x00000000a3d80000)
 Metaspace       used 6819K, capacity 6990K, committed 7168K, reserved 1056768K
  class space    used 837K, capacity 907K, committed 1024K, reserved 1048576K
Event: 1.645 GC heap after
Heap after GC invocations=1 (full 0):
 PSYoungGen      total 27648K, used 3557K [0x00000000e0000000, 0x00000000e3600000, 0x0000000100000000)
  eden space 24064K, 0% used [0x00000000e0000000,0x00000000e0000000,0x00000000e1780000)
  from space 3584K, 99% used [0x00000000e1780000,0x00000000e1af9580,0x00000000e1b00000)
  to   space 3584K, 0% used [0x00000000e3280000,0x00000000e3280000,0x00000000e3600000)
 ParOldGen       total 62976K, used 295K [0x00000000a0000000, 0x00000000a3d80000, 0x00000000e0000000)
  object space 62976K, 0% used [0x00000000a0000000,0x00000000a0049d40,0x00000000a3d80000)
 Metaspace       used 6819K, capacity 6990K, committed 7168K, reserved 1056768K
  class space    used 837K, capacity 907K, committed 1024K, reserved 1048576K
}
Event: 2.775 GC heap before
{Heap before GC invocations=2 (full 0):
 PSYoungGen      total 27648K, used 27621K [0x00000000e0000000, 0x00000000e3600000, 0x0000000100000000)
  eden space 24064K, 100% used [0x00000000e0000000,0x00000000e1780000,0x00000000e1780000)
  from space 3584K, 99% used [0x00000000e1780000,0x00000000e1af9580,0x00000000e1b00000)
  to   space 3584K, 0% used [0x00000000e3280000,0x00000000e3280000,0x00000000e3600000)
 ParOldGen       total 62976K, used 295K [0x00000000a0000000, 0x00000000a3d80000, 0x00000000e0000000)
  object space 62976K, 0% used [0x00000000a0000000,0x00000000a0049d40,0x00000000a3d80000)
 Metaspace       used 8294K, capacity 8462K, committed 8576K, reserved 1056768K
  class space    used 1054K, capacity 1141K, committed 1152K, reserved 1048576K
Event: 2.808 GC heap after
Heap after GC invocations=2 (full 0):
 PSYoungGen      total 51712K, used 3438K [0x00000000e0000000, 0x00000000e3600000, 0x0000000100000000)
  eden space 48128K, 0% used [0x00000000e0000000,0x00000000e0000000,0x00000000e2f00000)
  from space 3584K, 95% used [0x00000000e3280000,0x00000000e35dba48,0x00000000e3600000)
  to   space 3584K, 0% used [0x00000000e2f00000,0x00000000e2f00000,0x00000000e3280000)
 ParOldGen       total 62976K, used 303K [0x00000000a0000000, 0x00000000a3d80000, 0x00000000e0000000)
  object space 62976K, 0% used [0x00000000a0000000,0x00000000a004bd40,0x00000000a3d80000)
 Metaspace       used 8294K, capacity 8462K, committed 8576K, reserved 1056768K
  class space    used 1054K, capacity 1141K, committed 1152K, reserved 1048576K
}

