# JRE version: OpenJDK Runtime Environment (8.0_152-b01) (build 1.8.0_152-release-1248-b01)
# Java VM: OpenJDK 64-Bit Server VM (25.152-b01 mixed mode windows-amd64 compressed oops)
Heap:
 PSYoungGen      total 247296K, used 161682K [0x00000000e0000000, 0x00000000f3780000, 0x0000000100000000)
  eden space 222720K, 61% used [0x00000000e0000000,0x00000000e85eb488,0x00000000ed980000)
  from space 24576K, 99% used [0x00000000ed980000,0x00000000ef179378,0x00000000ef180000)
  to   space 29696K, 0% used [0x00000000f1a80000,0x00000000f1a80000,0x00000000f3780000)
 ParOldGen       total 134656K, used 36170K [0x00000000a0000000, 0x00000000a8380000, 0x00000000e0000000)
  object space 134656K, 26% used [0x00000000a0000000,0x00000000a2352a30,0x00000000a8380000)
 Metaspace       used 75377K, capacity 77936K, committed 78208K, reserved 1116160K
  class space    used 9903K, capacity 10554K, committed 10624K, reserved 1048576K
GC Heap History (10 events):
Event: 34.980 GC heap before
{Heap before GC invocations=10 (full 2):
 PSYoungGen      total 201216K, used 189440K [0x00000000e0000000, 0x00000000ed800000, 0x0000000100000000)
  eden space 189440K, 100% used [0x00000000e0000000,0x00000000eb900000,0x00000000eb900000)
  from space 11776K, 0% used [0x00000000eb900000,0x00000000eb900000,0x00000000ec480000)
  to   space 14848K, 0% used [0x00000000ec980000,0x00000000ec980000,0x00000000ed800000)
 ParOldGen       total 94208K, used 20574K [0x00000000a0000000, 0x00000000a5c00000, 0x00000000e0000000)
  object space 94208K, 21% used [0x00000000a0000000,0x00000000a14179c0,0x00000000a5c00000)
 Metaspace       used 53381K, capacity 54758K, committed 54912K, reserved 1097728K
  class space    used 7120K, capacity 7537K, committed 7552K, reserved 1048576K
Event: 35.021 GC heap after
Heap after GC invocations=10 (full 2):
 PSYoungGen      total 200192K, used 14840K [0x00000000e0000000, 0x00000000f0f80000, 0x0000000100000000)
  eden space 185344K, 0% used [0x00000000e0000000,0x00000000e0000000,0x00000000eb500000)
  from space 14848K, 99% used [0x00000000ec980000,0x00000000ed7fe2e0,0x00000000ed800000)
  to   space 20992K, 0% used [0x00000000eb500000,0x00000000eb500000,0x00000000ec980000)
 ParOldGen       total 94208K, used 28807K [0x00000000a0000000, 0x00000000a5c00000, 0x00000000e0000000)
  object space 94208K, 30% used [0x00000000a0000000,0x00000000a1c21f88,0x00000000a5c00000)
 Metaspace       used 53381K, capacity 54758K, committed 54912K, reserved 1097728K
  class space    used 7120K, capacity 7537K, committed 7552K, reserved 1048576K
}
Event: 36.742 GC heap before
{Heap before GC invocations=11 (full 2):
 PSYoungGen      total 200192K, used 66945K [0x00000000e0000000, 0x00000000f0f80000, 0x0000000100000000)
  eden space 185344K, 28% used [0x00000000e0000000,0x00000000e32e2330,0x00000000eb500000)
  from space 14848K, 99% used [0x00000000ec980000,0x00000000ed7fe2e0,0x00000000ed800000)
  to   space 20992K, 0% used [0x00000000eb500000,0x00000000eb500000,0x00000000ec980000)
 ParOldGen       total 94208K, used 28807K [0x00000000a0000000, 0x00000000a5c00000, 0x00000000e0000000)
  object space 94208K, 30% used [0x00000000a0000000,0x00000000a1c21f88,0x00000000a5c00000)
 Metaspace       used 57638K, capacity 59082K, committed 59136K, reserved 1099776K
  class space    used 7735K, capacity 8145K, committed 8192K, reserved 1048576K
Event: 36.810 GC heap after
Heap after GC invocations=11 (full 2):
 PSYoungGen      total 206336K, used 17473K [0x00000000e0000000, 0x00000000f0800000, 0x0000000100000000)
  eden space 185344K, 0% used [0x00000000e0000000,0x00000000e0000000,0x00000000eb500000)
  from space 20992K, 83% used [0x00000000eb500000,0x00000000ec6107f8,0x00000000ec980000)
  to   space 22528K, 0% used [0x00000000ef200000,0x00000000ef200000,0x00000000f0800000)
 ParOldGen       total 94208K, used 28815K [0x00000000a0000000, 0x00000000a5c00000, 0x00000000e0000000)
  object space 94208K, 30% used [0x00000000a0000000,0x00000000a1c23f88,0x00000000a5c00000)
 Metaspace       used 57638K, capacity 59082K, committed 59136K, reserved 1099776K
  class space    used 7735K, capacity 8145K, committed 8192K, reserved 1048576K
}
Event: 36.810 GC heap before
{Heap before GC invocations=12 (full 3):
 PSYoungGen      total 206336K, used 17473K [0x00000000e0000000, 0x00000000f0800000, 0x0000000100000000)
  eden space 185344K, 0% used [0x00000000e0000000,0x00000000e0000000,0x00000000eb500000)
  from space 20992K, 83% used [0x00000000eb500000,0x00000000ec6107f8,0x00000000ec980000)
  to   space 22528K, 0% used [0x00000000ef200000,0x00000000ef200000,0x00000000f0800000)
 ParOldGen       total 94208K, used 28815K [0x00000000a0000000, 0x00000000a5c00000, 0x00000000e0000000)
  object space 94208K, 30% used [0x00000000a0000000,0x00000000a1c23f88,0x00000000a5c00000)
 Metaspace       used 57638K, capacity 59082K, committed 59136K, reserved 1099776K
  class space    used 7735K, capacity 8145K, committed 8192K, reserved 1048576K
Event: 37.249 GC heap after
Heap after GC invocations=12 (full 3):
 PSYoungGen      total 206336K, used 0K [0x00000000e0000000, 0x00000000f0800000, 0x0000000100000000)
  eden space 185344K, 0% used [0x00000000e0000000,0x00000000e0000000,0x00000000eb500000)
  from space 20992K, 0% used [0x00000000eb500000,0x00000000eb500000,0x00000000ec980000)
  to   space 22528K, 0% used [0x00000000ef200000,0x00000000ef200000,0x00000000f0800000)
 ParOldGen       total 134656K, used 32435K [0x00000000a0000000, 0x00000000a8380000, 0x00000000e0000000)
  object space 134656K, 24% used [0x00000000a0000000,0x00000000a1faccb0,0x00000000a8380000)
 Metaspace       used 57615K, capacity 58994K, committed 59136K, reserved 1099776K
  class space    used 7728K, capacity 8137K, committed 8192K, reserved 1048576K
}
Event: 42.165 GC heap before
{Heap before GC invocations=13 (full 3):
 PSYoungGen      total 206336K, used 185344K [0x00000000e0000000, 0x00000000f0800000, 0x0000000100000000)
  eden space 185344K, 100% used [0x00000000e0000000,0x00000000eb500000,0x00000000eb500000)
  from space 20992K, 0% used [0x00000000eb500000,0x00000000eb500000,0x00000000ec980000)
  to   space 22528K, 0% used [0x00000000ef200000,0x00000000ef200000,0x00000000f0800000)
 ParOldGen       total 134656K, used 32435K [0x00000000a0000000, 0x00000000a8380000, 0x00000000e0000000)
  object space 134656K, 24% used [0x00000000a0000000,0x00000000a1faccb0,0x00000000a8380000)
 Metaspace       used 62523K, capacity 64310K, committed 64384K, reserved 1103872K
  class space    used 8550K, capacity 9033K, committed 9088K, reserved 1048576K
Event: 42.224 GC heap after
Heap after GC invocations=13 (full 3):
 PSYoungGen      total 245248K, used 18883K [0x00000000e0000000, 0x00000000f0980000, 0x0000000100000000)
  eden space 222720K, 0% used [0x00000000e0000000,0x00000000e0000000,0x00000000ed980000)
  from space 22528K, 83% used [0x00000000ef200000,0x00000000f0470f48,0x00000000f0800000)
  to   space 24576K, 0% used [0x00000000ed980000,0x00000000ed980000,0x00000000ef180000)
 ParOldGen       total 134656K, used 32443K [0x00000000a0000000, 0x00000000a8380000, 0x00000000e0000000)
  object space 134656K, 24% used [0x00000000a0000000,0x00000000a1faecb0,0x00000000a8380000)
 Metaspace       used 62523K, capacity 64310K, committed 64384K, reserved 1103872K
  class space    used 8550K, capacity 9033K, committed 9088K, reserved 1048576K
}
Event: 1578.168 GC heap before
{Heap before GC invocations=14 (full 3):
 PSYoungGen      total 245248K, used 241603K [0x00000000e0000000, 0x00000000f0980000, 0x0000000100000000)
  eden space 222720K, 100% used [0x00000000e0000000,0x00000000ed980000,0x00000000ed980000)
  from space 22528K, 83% used [0x00000000ef200000,0x00000000f0470f48,0x00000000f0800000)
  to   space 24576K, 0% used [0x00000000ed980000,0x00000000ed980000,0x00000000ef180000)
 ParOldGen       total 134656K, used 32443K [0x00000000a0000000, 0x00000000a8380000, 0x00000000e0000000)
  object space 134656K, 24% used [0x00000000a0000000,0x00000000a1faecb0,0x00000000a8380000)
 Metaspace       used 70207K, capacity 72784K, committed 72960K, reserved 1112064K
  class space    used 9312K, capacity 9966K, committed 9984K, reserved 1048576K
Event: 1578.523 GC heap after
Heap after GC invocations=14 (full 3):
 PSYoungGen      total 247296K, used 24548K [0x00000000e0000000, 0x00000000f3780000, 0x0000000100000000)
  eden space 222720K, 0% used [0x00000000e0000000,0x00000000e0000000,0x00000000ed980000)
  from space 24576K, 99% used [0x00000000ed980000,0x00000000ef179378,0x00000000ef180000)
  to   space 29696K, 0% used [0x00000000f1a80000,0x00000000f1a80000,0x00000000f3780000)
 ParOldGen       total 134656K, used 36170K [0x00000000a0000000, 0x00000000a8380000, 0x00000000e0000000)
  object space 134656K, 26% used [0x00000000a0000000,0x00000000a2352a30,0x00000000a8380000)
 Metaspace       used 70207K, capacity 72784K, committed 72960K, reserved 1112064K
  class space    used 9312K, capacity 9966K, committed 9984K, reserved 1048576K
}

