# JRE version: OpenJDK Runtime Environment (8.0_152-b01) (build 1.8.0_152-release-1248-b01)
# Java VM: OpenJDK 64-Bit Server VM (25.152-b01 mixed mode windows-amd64 compressed oops)
Heap:
 PSYoungGen      total 370688K, used 74478K [0x00000000e0000000, 0x00000000fcc80000, 0x0000000100000000)
  eden space 344064K, 17% used [0x00000000e0000000,0x00000000e3a4e3c8,0x00000000f5000000)
  from space 26624K, 55% used [0x00000000f5000000,0x00000000f5e6d578,0x00000000f6a00000)
  to   space 26624K, 0% used [0x00000000fb280000,0x00000000fb280000,0x00000000fcc80000)
 ParOldGen       total 97792K, used 53185K [0x00000000a0000000, 0x00000000a5f80000, 0x00000000e0000000)
  object space 97792K, 54% used [0x00000000a0000000,0x00000000a33f06f8,0x00000000a5f80000)
 Metaspace       used 74748K, capacity 77657K, committed 77824K, reserved 1116160K
  class space    used 9744K, capacity 10431K, committed 10496K, reserved 1048576K
GC Heap History (10 events):
Event: 26.198 GC heap before
{Heap before GC invocations=10 (full 2):
 PSYoungGen      total 201216K, used 189440K [0x00000000e0000000, 0x00000000f2500000, 0x0000000100000000)
  eden space 189440K, 100% used [0x00000000e0000000,0x00000000eb900000,0x00000000eb900000)
  from space 11776K, 0% used [0x00000000eb900000,0x00000000eb900000,0x00000000ec480000)
  to   space 14336K, 0% used [0x00000000f1700000,0x00000000f1700000,0x00000000f2500000)
 ParOldGen       total 68096K, used 19578K [0x00000000a0000000, 0x00000000a4280000, 0x00000000e0000000)
  object space 68096K, 28% used [0x00000000a0000000,0x00000000a131e898,0x00000000a4280000)
 Metaspace       used 51588K, capacity 52871K, committed 52992K, reserved 1095680K
  class space    used 6974K, capacity 7368K, committed 7424K, reserved 1048576K
Event: 26.246 GC heap after
Heap after GC invocations=10 (full 2):
 PSYoungGen      total 280064K, used 14334K [0x00000000e0000000, 0x00000000f4c00000, 0x0000000100000000)
  eden space 265728K, 0% used [0x00000000e0000000,0x00000000e0000000,0x00000000f0380000)
  from space 14336K, 99% used [0x00000000f1700000,0x00000000f24ffad0,0x00000000f2500000)
  to   space 19968K, 0% used [0x00000000f0380000,0x00000000f0380000,0x00000000f1700000)
 ParOldGen       total 68096K, used 27420K [0x00000000a0000000, 0x00000000a4280000, 0x00000000e0000000)
  object space 68096K, 40% used [0x00000000a0000000,0x00000000a1ac73a8,0x00000000a4280000)
 Metaspace       used 51588K, capacity 52871K, committed 52992K, reserved 1095680K
  class space    used 6974K, capacity 7368K, committed 7424K, reserved 1048576K
}
Event: 30.096 GC heap before
{Heap before GC invocations=11 (full 2):
 PSYoungGen      total 280064K, used 112745K [0x00000000e0000000, 0x00000000f4c00000, 0x0000000100000000)
  eden space 265728K, 37% used [0x00000000e0000000,0x00000000e601acc8,0x00000000f0380000)
  from space 14336K, 99% used [0x00000000f1700000,0x00000000f24ffad0,0x00000000f2500000)
  to   space 19968K, 0% used [0x00000000f0380000,0x00000000f0380000,0x00000000f1700000)
 ParOldGen       total 68096K, used 27420K [0x00000000a0000000, 0x00000000a4280000, 0x00000000e0000000)
  object space 68096K, 40% used [0x00000000a0000000,0x00000000a1ac73a8,0x00000000a4280000)
 Metaspace       used 57453K, capacity 59079K, committed 59160K, reserved 1099776K
  class space    used 7871K, capacity 8305K, committed 8320K, reserved 1048576K
Event: 30.127 GC heap after
Heap after GC invocations=11 (full 2):
 PSYoungGen      total 285696K, used 19664K [0x00000000e0000000, 0x00000000f8400000, 0x0000000100000000)
  eden space 265728K, 0% used [0x00000000e0000000,0x00000000e0000000,0x00000000f0380000)
  from space 19968K, 98% used [0x00000000f0380000,0x00000000f16b4178,0x00000000f1700000)
  to   space 23040K, 0% used [0x00000000f6d80000,0x00000000f6d80000,0x00000000f8400000)
 ParOldGen       total 68096K, used 27428K [0x00000000a0000000, 0x00000000a4280000, 0x00000000e0000000)
  object space 68096K, 40% used [0x00000000a0000000,0x00000000a1ac93a8,0x00000000a4280000)
 Metaspace       used 57453K, capacity 59079K, committed 59160K, reserved 1099776K
  class space    used 7871K, capacity 8305K, committed 8320K, reserved 1048576K
}
Event: 30.127 GC heap before
{Heap before GC invocations=12 (full 3):
 PSYoungGen      total 285696K, used 19664K [0x00000000e0000000, 0x00000000f8400000, 0x0000000100000000)
  eden space 265728K, 0% used [0x00000000e0000000,0x00000000e0000000,0x00000000f0380000)
  from space 19968K, 98% used [0x00000000f0380000,0x00000000f16b4178,0x00000000f1700000)
  to   space 23040K, 0% used [0x00000000f6d80000,0x00000000f6d80000,0x00000000f8400000)
 ParOldGen       total 68096K, used 27428K [0x00000000a0000000, 0x00000000a4280000, 0x00000000e0000000)
  object space 68096K, 40% used [0x00000000a0000000,0x00000000a1ac93a8,0x00000000a4280000)
 Metaspace       used 57453K, capacity 59079K, committed 59160K, reserved 1099776K
  class space    used 7871K, capacity 8305K, committed 8320K, reserved 1048576K
Event: 30.483 GC heap after
Heap after GC invocations=12 (full 3):
 PSYoungGen      total 285696K, used 0K [0x00000000e0000000, 0x00000000f8400000, 0x0000000100000000)
  eden space 265728K, 0% used [0x00000000e0000000,0x00000000e0000000,0x00000000f0380000)
  from space 19968K, 0% used [0x00000000f0380000,0x00000000f0380000,0x00000000f1700000)
  to   space 23040K, 0% used [0x00000000f6d80000,0x00000000f6d80000,0x00000000f8400000)
 ParOldGen       total 97792K, used 34441K [0x00000000a0000000, 0x00000000a5f80000, 0x00000000e0000000)
  object space 97792K, 35% used [0x00000000a0000000,0x00000000a21a2500,0x00000000a5f80000)
 Metaspace       used 57453K, capacity 59079K, committed 59160K, reserved 1099776K
  class space    used 7871K, capacity 8305K, committed 8320K, reserved 1048576K
}
Event: 44.606 GC heap before
{Heap before GC invocations=13 (full 3):
 PSYoungGen      total 285696K, used 265728K [0x00000000e0000000, 0x00000000f8400000, 0x0000000100000000)
  eden space 265728K, 100% used [0x00000000e0000000,0x00000000f0380000,0x00000000f0380000)
  from space 19968K, 0% used [0x00000000f0380000,0x00000000f0380000,0x00000000f1700000)
  to   space 23040K, 0% used [0x00000000f6d80000,0x00000000f6d80000,0x00000000f8400000)
 ParOldGen       total 97792K, used 34441K [0x00000000a0000000, 0x00000000a5f80000, 0x00000000e0000000)
  object space 97792K, 35% used [0x00000000a0000000,0x00000000a21a2500,0x00000000a5f80000)
 Metaspace       used 65076K, capacity 67199K, committed 67456K, reserved 1107968K
  class space    used 8738K, capacity 9274K, committed 9344K, reserved 1048576K
Event: 44.652 GC heap after
Heap after GC invocations=13 (full 3):
 PSYoungGen      total 360960K, used 23037K [0x00000000e0000000, 0x00000000f8400000, 0x0000000100000000)
  eden space 337920K, 0% used [0x00000000e0000000,0x00000000e0000000,0x00000000f4a00000)
  from space 23040K, 99% used [0x00000000f6d80000,0x00000000f83ff5c0,0x00000000f8400000)
  to   space 26624K, 0% used [0x00000000f5000000,0x00000000f5000000,0x00000000f6a00000)
 ParOldGen       total 97792K, used 35342K [0x00000000a0000000, 0x00000000a5f80000, 0x00000000e0000000)
  object space 97792K, 36% used [0x00000000a0000000,0x00000000a2283a70,0x00000000a5f80000)
 Metaspace       used 65076K, capacity 67199K, committed 67456K, reserved 1107968K
  class space    used 8738K, capacity 9274K, committed 9344K, reserved 1048576K
}
Event: 4012.476 GC heap before
{Heap before GC invocations=14 (full 3):
 PSYoungGen      total 360960K, used 360957K [0x00000000e0000000, 0x00000000f8400000, 0x0000000100000000)
  eden space 337920K, 100% used [0x00000000e0000000,0x00000000f4a00000,0x00000000f4a00000)
  from space 23040K, 99% used [0x00000000f6d80000,0x00000000f83ff5c0,0x00000000f8400000)
  to   space 26624K, 0% used [0x00000000f5000000,0x00000000f5000000,0x00000000f6a00000)
 ParOldGen       total 97792K, used 35342K [0x00000000a0000000, 0x00000000a5f80000, 0x00000000e0000000)
  object space 97792K, 36% used [0x00000000a0000000,0x00000000a2283a70,0x00000000a5f80000)
 Metaspace       used 74426K, capacity 77303K, committed 77568K, reserved 1116160K
  class space    used 9730K, capacity 10388K, committed 10496K, reserved 1048576K
Event: 4024.663 GC heap after
Heap after GC invocations=14 (full 3):
 PSYoungGen      total 370688K, used 14773K [0x00000000e0000000, 0x00000000fcc80000, 0x0000000100000000)
  eden space 344064K, 0% used [0x00000000e0000000,0x00000000e0000000,0x00000000f5000000)
  from space 26624K, 55% used [0x00000000f5000000,0x00000000f5e6d578,0x00000000f6a00000)
  to   space 26624K, 0% used [0x00000000fb280000,0x00000000fb280000,0x00000000fcc80000)
 ParOldGen       total 97792K, used 53185K [0x00000000a0000000, 0x00000000a5f80000, 0x00000000e0000000)
  object space 97792K, 54% used [0x00000000a0000000,0x00000000a33f06f8,0x00000000a5f80000)
 Metaspace       used 74426K, capacity 77303K, committed 77568K, reserved 1116160K
  class space    used 9730K, capacity 10388K, committed 10496K, reserved 1048576K
}

